TN:
SF:C:\Users\John\dev\branches_front_end\app\forgettingCurve.ts
FN:8,calculateStrength
FN:19,calculateSecondsTilCriticalReviewTime
FN:24,measurePreviousStrength
FN:56,doubleLessThanOrEqualTo
FN:59,doubleGreaterThanOrEqualTo
FN:64,calculateRecall
FN:68,decibelsToEbbinghaus
FN:72,calculateTime
FN:77,estimateCurrentStrength
FNF:9
FNH:7
FNDA:0,calculateStrength
FNDA:0,calculateSecondsTilCriticalReviewTime
FNDA:6,measurePreviousStrength
FNDA:6,doubleLessThanOrEqualTo
FNDA:6,doubleGreaterThanOrEqualTo
FNDA:5,calculateRecall
FNDA:6,decibelsToEbbinghaus
FNDA:1,calculateTime
FNDA:5,estimateCurrentStrength
DA:1,1
DA:2,1
DA:3,1
DA:4,1
DA:9,0
DA:10,0
DA:11,0
DA:12,0
DA:13,0
DA:15,1
DA:20,0
DA:22,1
DA:25,6
DA:26,6
DA:27,6
DA:28,6
DA:29,6
DA:41,6
DA:42,2
DA:50,6
DA:51,2
DA:53,6
DA:55,1
DA:57,6
DA:60,6
DA:65,5
DA:67,1
DA:69,6
DA:73,1
DA:75,1
DA:79,5
DA:80,5
DA:81,0
DA:82,0
DA:83,0
DA:86,0
DA:90,5
DA:91,5
DA:92,5
DA:93,5
DA:94,5
DA:95,5
DA:97,5
DA:98,5
DA:100,1
LF:45
LH:35
BRDA:13,0,0,0
BRDA:13,0,1,0
BRDA:29,1,0,6
BRDA:29,1,1,0
BRDA:41,2,0,2
BRDA:41,2,1,4
BRDA:41,3,0,6
BRDA:41,3,1,2
BRDA:50,4,0,2
BRDA:50,4,1,4
BRDA:50,5,0,6
BRDA:50,5,1,2
BRDA:80,6,0,0
BRDA:80,6,1,5
BRDA:82,7,0,0
BRDA:82,7,1,0
BRDA:97,8,0,0
BRDA:97,8,1,5
BRF:18
BRH:11
end_of_record
TN:
SF:C:\Users\John\dev\branches_front_end\app\components\proficiencyEnum.ts
FN:26,proficiencyToColor
FNF:1
FNH:0
FNDA:0,proficiencyToColor
DA:1,1
DA:7,1
DA:19,1
DA:27,0
DA:28,0
DA:30,0
DA:31,0
DA:33,0
DA:34,0
DA:36,0
DA:37,0
DA:39,0
DA:41,1
LF:13
LH:4
BRDA:27,0,0,0
BRDA:27,0,1,0
BRDA:30,1,0,0
BRDA:30,1,1,0
BRDA:33,2,0,0
BRDA:33,2,1,0
BRDA:36,3,0,0
BRDA:36,3,1,0
BRF:8
BRH:0
end_of_record
TN:
SF:C:\Users\John\dev\branches_front_end\app\core\log.js
FN:2,log
FN:6,error
FNF:2
FNH:1
FNDA:2,log
FNDA:0,error
DA:1,1
DA:3,2
DA:5,1
DA:7,0
DA:9,1
LF:5
LH:4
BRF:0
BRH:0
end_of_record
TN:
SF:C:\Users\John\dev\branches_front_end\app\core\md5wrapper.js
FN:3,default_1
FNF:1
FNH:1
FNDA:1,default_1
DA:1,1
DA:2,1
DA:4,1
DA:6,1
LF:4
LH:4
BRF:0
BRH:0
end_of_record
TN:
SF:C:\Users\John\dev\branches_front_end\app\objects\contentItem\uriParser.ts
FN:2,getLastNBreadcrumbsString
FN:8,getURIWithoutRootElement
FN:12,convertBreadcrumbListToString
FN:17,(anonymous_3)
FN:30,getLastNBreadcrumbsStringFromList
FNF:5
FNH:2
FNDA:0,getLastNBreadcrumbsString
FNDA:0,getURIWithoutRootElement
FNDA:10,convertBreadcrumbListToString
FNDA:0,(anonymous_3)
FNDA:7,getLastNBreadcrumbsStringFromList
DA:1,1
DA:3,0
DA:4,0
DA:5,0
DA:7,1
DA:9,0
DA:11,1
DA:13,10
DA:14,10
DA:16,0
DA:17,0
DA:18,0
DA:20,0
DA:21,0
DA:23,1
DA:31,7
DA:32,7
DA:34,0
DA:35,0
DA:36,0
DA:37,0
DA:39,1
LF:22
LH:9
BRDA:13,0,0,10
BRDA:13,0,1,0
BRDA:31,1,0,7
BRDA:31,1,1,0
BRF:4
BRH:2
end_of_record
TN:
SF:C:\Users\John\dev\branches_front_end\app\objects\tree\proficiencyStats.ts
FN:1,(anonymous_0)
FN:19,addObjToProficiencyStats
FN:21,(anonymous_2)
FN:27,incrementProficiencyStatsCategory
FNF:4
FNH:2
FNDA:0,(anonymous_0)
FNDA:3,addObjToProficiencyStats
FNDA:11,(anonymous_2)
FNDA:0,incrementProficiencyStatsCategory
DA:1,1
DA:2,0
DA:3,0
DA:4,0
DA:5,0
DA:7,0
DA:9,1
DA:11,1
DA:12,1
DA:20,3
DA:21,3
DA:22,11
DA:24,3
DA:26,1
DA:28,0
DA:29,0
DA:31,0
DA:32,0
DA:34,0
DA:35,0
DA:37,0
DA:38,0
DA:40,0
DA:41,0
DA:43,0
DA:45,1
LF:26
LH:10
BRDA:1,0,0,1
BRDA:1,0,1,1
BRDA:1,0,2,1
BRDA:1,0,3,0
BRDA:4,1,0,0
BRDA:4,1,1,0
BRDA:22,2,0,11
BRDA:22,2,1,1
BRDA:22,3,0,11
BRDA:22,3,1,1
BRDA:28,4,0,0
BRDA:28,4,1,0
BRDA:31,5,0,0
BRDA:31,5,1,0
BRDA:34,6,0,0
BRDA:34,6,1,0
BRDA:37,7,0,0
BRDA:37,7,1,0
BRDA:40,8,0,0
BRDA:40,8,1,0
BRF:20
BRH:7
end_of_record
